2025-02-21 02:42:29,541 INFO Service account authenticated successfully.
2025-02-21 02:42:29,541 INFO Uploading: GOPR7276.jpg
2025-02-21 02:42:43,229 INFO Uploaded: GOPR7276.jpg
2025-02-21 02:42:43,230 INFO Deleted: GOPR7276.jpg from local storage
2025-02-21 02:42:43,230 INFO Uploading: GOPR7277.jpg
2025-02-21 02:42:56,007 INFO Uploaded: GOPR7277.jpg
2025-02-21 02:42:56,008 INFO Deleted: GOPR7277.jpg from local storage
2025-02-21 02:42:56,008 INFO Uploading: GOPR7281.jpg
2025-02-21 02:43:09,457 INFO Uploaded: GOPR7281.jpg
2025-02-21 02:43:09,458 INFO Deleted: GOPR7281.jpg from local storage
2025-02-21 02:43:09,458 INFO Uploading: GOPR7284.jpg
2025-02-21 02:43:23,043 INFO Uploaded: GOPR7284.jpg
2025-02-21 02:43:23,044 INFO Deleted: GOPR7284.jpg from local storage
2025-02-21 02:43:23,045 INFO Uploading: GOPR7286.jpg
2025-02-21 02:43:35,598 INFO Uploaded: GOPR7286.jpg
2025-02-21 02:43:35,599 INFO Deleted: GOPR7286.jpg from local storage
2025-02-21 02:43:35,600 INFO Uploading: GOPR7287.jpg
2025-02-21 02:43:47,992 INFO Uploaded: GOPR7287.jpg
2025-02-21 02:43:47,994 INFO Deleted: GOPR7287.jpg from local storage
2025-02-21 02:43:47,994 INFO Uploading: GOPR7290.jpg
2025-02-21 02:43:59,861 INFO Uploaded: GOPR7290.jpg
2025-02-21 02:43:59,862 INFO Deleted: GOPR7290.jpg from local storage
2025-02-21 02:43:59,863 INFO Uploading: GOPR7291.jpg
2025-02-21 02:44:11,672 INFO Uploaded: GOPR7291.jpg
2025-02-21 02:44:11,673 INFO Deleted: GOPR7291.jpg from local storage
2025-02-21 02:44:11,674 INFO Uploading: GOPR7292.jpg
2025-02-21 02:44:23,491 INFO Uploaded: GOPR7292.jpg
2025-02-21 02:44:23,493 INFO Deleted: GOPR7292.jpg from local storage
2025-02-21 02:44:23,493 INFO Uploading: GOPR7293.jpg
2025-02-21 02:44:35,556 INFO Uploaded: GOPR7293.jpg
2025-02-21 02:44:35,557 INFO Deleted: GOPR7293.jpg from local storage
2025-02-21 02:44:35,557 INFO Uploading: GOPR7295.jpg
2025-02-21 02:44:46,379 INFO Uploaded: GOPR7295.jpg
2025-02-21 02:44:46,380 INFO Deleted: GOPR7295.jpg from local storage
2025-02-21 02:44:46,380 INFO Uploading: GOPR7303.jpg
2025-02-21 02:44:55,849 INFO Uploaded: GOPR7303.jpg
2025-02-21 02:44:55,850 INFO Deleted: GOPR7303.jpg from local storage
2025-02-21 02:44:55,850 INFO Uploading: GOPR7306.jpg
2025-02-21 02:45:08,499 INFO Uploaded: GOPR7306.jpg
2025-02-21 02:45:08,500 INFO Deleted: GOPR7306.jpg from local storage
2025-02-21 02:45:08,501 INFO Uploading: GOPR7307.jpg
2025-02-21 02:45:19,094 INFO Uploaded: GOPR7307.jpg
2025-02-21 02:45:19,095 INFO Deleted: GOPR7307.jpg from local storage
2025-02-21 02:45:19,095 INFO Uploading: GOPR7308.jpg
2025-02-21 02:45:31,096 INFO Uploaded: GOPR7308.jpg
2025-02-21 02:45:31,097 INFO Deleted: GOPR7308.jpg from local storage
2025-02-21 02:45:31,098 INFO Uploading: GOPR7309.jpg
2025-02-21 02:45:41,641 INFO Uploaded: GOPR7309.jpg
2025-02-21 02:45:41,642 INFO Deleted: GOPR7309.jpg from local storage
2025-02-21 02:45:41,643 INFO All images uploaded and deleted successfully.
